<?xml version="1.0" encoding="UTF-8"?>
<!-- Generated by org.testng.reporters.JUnitXMLReporter -->
<testsuite hostname="Seshadri" ignored="0" name="Default test" tests="3" failures="0" timestamp="16 Dec 2018 19:32:53 GMT" time="75.514" errors="0">
  <testcase name="loginPageTitleTest" time="0.063" classname="com.crm.qa.testcases.LoginPageTest"/>
  <testcase name="crmLogoImageTest" time="0.112" classname="com.crm.qa.testcases.LoginPageTest"/>
  <testcase name="loginTest" time="9.926" classname="com.crm.qa.testcases.LoginPageTest"/>
</testsuite> <!-- Default test -->
