<?xml version="1.0" encoding="UTF-8"?>
<testng-results skipped="0" failed="0" ignored="0" total="3" passed="3">
  <reporter-output>
  </reporter-output>
  <suite name="Default suite" duration-ms="75514" started-at="2018-12-16T19:31:37Z" finished-at="2018-12-16T19:32:53Z">
    <groups>
    </groups>
    <test name="Default test" duration-ms="75514" started-at="2018-12-16T19:31:37Z" finished-at="2018-12-16T19:32:53Z">
      <class name="com.crm.qa.testcases.LoginPageTest">
        <test-method status="PASS" signature="setUp()[pri:0, instance:com.crm.qa.testcases.LoginPageTest@6a41eaa2]" name="setUp" is-config="true" duration-ms="24148" started-at="2018-12-16T19:31:37Z" finished-at="2018-12-16T19:32:01Z">
          <reporter-output>
          </reporter-output>
        </test-method> <!-- setUp -->
        <test-method status="PASS" signature="loginPageTitleTest()[pri:1, instance:com.crm.qa.testcases.LoginPageTest@6a41eaa2]" name="loginPageTitleTest" duration-ms="63" started-at="2018-12-16T19:32:01Z" finished-at="2018-12-16T19:32:01Z">
          <reporter-output>
          </reporter-output>
        </test-method> <!-- loginPageTitleTest -->
        <test-method status="PASS" signature="teardown()[pri:0, instance:com.crm.qa.testcases.LoginPageTest@6a41eaa2]" name="teardown" is-config="true" duration-ms="1066" started-at="2018-12-16T19:32:01Z" finished-at="2018-12-16T19:32:03Z">
          <reporter-output>
          </reporter-output>
        </test-method> <!-- teardown -->
        <test-method status="PASS" signature="setUp()[pri:0, instance:com.crm.qa.testcases.LoginPageTest@6a41eaa2]" name="setUp" is-config="true" duration-ms="21403" started-at="2018-12-16T19:32:03Z" finished-at="2018-12-16T19:32:24Z">
          <reporter-output>
          </reporter-output>
        </test-method> <!-- setUp -->
        <test-method status="PASS" signature="crmLogoImageTest()[pri:2, instance:com.crm.qa.testcases.LoginPageTest@6a41eaa2]" name="crmLogoImageTest" duration-ms="112" started-at="2018-12-16T19:32:24Z" finished-at="2018-12-16T19:32:24Z">
          <reporter-output>
          </reporter-output>
        </test-method> <!-- crmLogoImageTest -->
        <test-method status="PASS" signature="teardown()[pri:0, instance:com.crm.qa.testcases.LoginPageTest@6a41eaa2]" name="teardown" is-config="true" duration-ms="1086" started-at="2018-12-16T19:32:24Z" finished-at="2018-12-16T19:32:25Z">
          <reporter-output>
          </reporter-output>
        </test-method> <!-- teardown -->
        <test-method status="PASS" signature="setUp()[pri:0, instance:com.crm.qa.testcases.LoginPageTest@6a41eaa2]" name="setUp" is-config="true" duration-ms="16451" started-at="2018-12-16T19:32:25Z" finished-at="2018-12-16T19:32:42Z">
          <reporter-output>
          </reporter-output>
        </test-method> <!-- setUp -->
        <test-method status="PASS" signature="loginTest()[pri:3, instance:com.crm.qa.testcases.LoginPageTest@6a41eaa2]" name="loginTest" duration-ms="9926" started-at="2018-12-16T19:32:42Z" finished-at="2018-12-16T19:32:52Z">
          <reporter-output>
          </reporter-output>
        </test-method> <!-- loginTest -->
        <test-method status="PASS" signature="teardown()[pri:0, instance:com.crm.qa.testcases.LoginPageTest@6a41eaa2]" name="teardown" is-config="true" duration-ms="1162" started-at="2018-12-16T19:32:52Z" finished-at="2018-12-16T19:32:53Z">
          <reporter-output>
          </reporter-output>
        </test-method> <!-- teardown -->
      </class> <!-- com.crm.qa.testcases.LoginPageTest -->
    </test> <!-- Default test -->
  </suite> <!-- Default suite -->
</testng-results>
